time="2025-08-29T21:35:43+01:00" level=info msg="Using docker host 'unix:///var/run/docker.sock', and daemon socket 'unix:///var/run/docker.sock'"
time="2025-08-29T21:35:43+01:00" level=info msg="deleted cache: &{ID:9 Key:v0-rust-test-linux-arm64-a6658139-308ac7be Version:2f557317b20ba09f0d9d2649178be0b60b5820cd1c1679b567953c27d58265c4 Size:345216504 Complete:true UsedAt:1756499185 CreatedAt:1756499183}" module=artifactcache
[33m[Release-v2/Lint and Format] [0m⭐ Run Set up job
[33m[Release-v2/Lint and Format] [0m🚀  Start image=catthehacker/ubuntu:act-22.04
[33m[Release-v2/Lint and Format] [0m  🐳  docker pull image=catthehacker/ubuntu:act-22.04 platform=linux/amd64 username= forcePull=true
[33m[Release-v2/Lint and Format] [0m  🐳  docker create image=catthehacker/ubuntu:act-22.04 platform=linux/amd64 entrypoint=["tail" "-f" "/dev/null"] cmd=[] network="host"
[33m[Release-v2/Lint and Format] [0m  🐳  docker run image=catthehacker/ubuntu:act-22.04 platform=linux/amd64 entrypoint=["tail" "-f" "/dev/null"] cmd=[] network="host"
[33m[Release-v2/Lint and Format] [0m  🐳  docker exec cmd=[node --no-warnings -e console.log(process.execPath)] user= workdir=
[33m[Release-v2/Lint and Format] [0m  ✅  Success - Set up job
[33m[Release-v2/Lint and Format] [0m  ☁  git clone 'https://github.com/dtolnay/rust-toolchain' # ref=5d458579430fc14a04a08a1e7d3694f545e91ce6
[33m[Release-v2/Lint and Format] [0m⭐ Run Pre Install Rust
[33m[Release-v2/Lint and Format] [0m  ✅  Success - Pre Install Rust [16.458041ms]
[33m[Release-v2/Lint and Format] [0m⭐ Run Main actions/checkout@08eba0b27e820071cde6df949e0beb9ba4906955
[33m[Release-v2/Lint and Format] [0m  🐳  docker cp src=/Users/davidirvine/Desktop/Devel/projects/saorsa-cli/. dst=/Users/davidirvine/Desktop/Devel/projects/saorsa-cli
[33m[Release-v2/Lint and Format] [0m  ✅  Success - Main actions/checkout@08eba0b27e820071cde6df949e0beb9ba4906955 [95.846584ms]
[33m[Release-v2/Lint and Format] [0m⭐ Run Main Install Rust
[33m[Release-v2/Lint and Format] [0m  🐳  docker cp src=/Users/davidirvine/.cache/act/dtolnay-rust-toolchain@5d458579430fc14a04a08a1e7d3694f545e91ce6/ dst=/var/run/act/actions/dtolnay-rust-toolchain@5d458579430fc14a04a08a1e7d3694f545e91ce6/
[33m[Release-v2/Lint and Format] [0m⭐ Run Main : parse toolchain version
if [[ -z $toolchain ]]; then
  # GitHub does not enforce `required: true` inputs itself. https://github.com/actions/runner/issues/1070
  echo "'toolchain' is a required input" >&2
  exit 1
elif [[ $toolchain =~ ^stable' '[0-9]+' '(year|month|week|day)s?' 'ago$ ]]; then
  if [[ Linux == macOS ]]; then
    echo "toolchain=1.$((($(date -v-$(sed 's/stable \([0-9]*\) \(.\).*/\1\2/' <<< $toolchain) +%s)/60/60/24-16569)/7/6))" >> $GITHUB_OUTPUT
  else
    echo "toolchain=1.$((($(date --date "${toolchain#stable }" +%s)/60/60/24-16569)/7/6))" >> $GITHUB_OUTPUT
  fi
elif [[ $toolchain =~ ^stable' 'minus' '[0-9]+' 'releases?$ ]]; then
  echo "toolchain=1.$((($(date +%s)/60/60/24-16569)/7/6-${toolchain//[^0-9]/}))" >> $GITHUB_OUTPUT
elif [[ $toolchain =~ ^1\.[0-9]+$ ]]; then
  echo "toolchain=1.$((i=${toolchain#1.}, c=($(date +%s)/60/60/24-16569)/7/6, i+9*i*(10*i<=c)+90*i*(100*i<=c)))" >> $GITHUB_OUTPUT
else
  echo "toolchain=$toolchain" >> $GITHUB_OUTPUT
fi
[33m[Release-v2/Lint and Format] [0m  🐳  docker exec cmd=[bash --noprofile --norc -e -o pipefail /var/run/act/workflow/1-composite-parse.sh] user= workdir=
[33m[Release-v2/Lint and Format] [0m  ✅  Success - Main : parse toolchain version
if [[ -z $toolchain ]]; then
  # GitHub does not enforce `required: true` inputs itself. https://github.com/actions/runner/issues/1070
  echo "'toolchain' is a required input" >&2
  exit 1
elif [[ $toolchain =~ ^stable' '[0-9]+' '(year|month|week|day)s?' 'ago$ ]]; then
  if [[ Linux == macOS ]]; then
    echo "toolchain=1.$((($(date -v-$(sed 's/stable \([0-9]*\) \(.\).*/\1\2/' <<< $toolchain) +%s)/60/60/24-16569)/7/6))" >> $GITHUB_OUTPUT
  else
    echo "toolchain=1.$((($(date --date "${toolchain#stable }" +%s)/60/60/24-16569)/7/6))" >> $GITHUB_OUTPUT
  fi
elif [[ $toolchain =~ ^stable' 'minus' '[0-9]+' 'releases?$ ]]; then
  echo "toolchain=1.$((($(date +%s)/60/60/24-16569)/7/6-${toolchain//[^0-9]/}))" >> $GITHUB_OUTPUT
elif [[ $toolchain =~ ^1\.[0-9]+$ ]]; then
  echo "toolchain=1.$((i=${toolchain#1.}, c=($(date +%s)/60/60/24-16569)/7/6, i+9*i*(10*i<=c)+90*i*(100*i<=c)))" >> $GITHUB_OUTPUT
else
  echo "toolchain=$toolchain" >> $GITHUB_OUTPUT
fi
 [89.379ms]
[33m[Release-v2/Lint and Format] [0m  ⚙  ::set-output:: toolchain=stable
[33m[Release-v2/Lint and Format] [0m⭐ Run Main : construct rustup command line
echo "targets=$(for t in ${targets//,/ }; do echo -n ' --target' $t; done)" >> $GITHUB_OUTPUT
echo "components=$(for c in ${components//,/ }; do echo -n ' --component' $c; done)" >> $GITHUB_OUTPUT
echo "downgrade=" >> $GITHUB_OUTPUT
[33m[Release-v2/Lint and Format] [0m  🐳  docker exec cmd=[bash --noprofile --norc -e -o pipefail /var/run/act/workflow/1-composite-flags.sh] user= workdir=
[33m[Release-v2/Lint and Format] [0m  ✅  Success - Main : construct rustup command line
echo "targets=$(for t in ${targets//,/ }; do echo -n ' --target' $t; done)" >> $GITHUB_OUTPUT
echo "components=$(for c in ${components//,/ }; do echo -n ' --component' $c; done)" >> $GITHUB_OUTPUT
echo "downgrade=" >> $GITHUB_OUTPUT
 [95.843625ms]
[33m[Release-v2/Lint and Format] [0m  ⚙  ::set-output:: targets=
[33m[Release-v2/Lint and Format] [0m  ⚙  ::set-output:: components= --component clippy --component rustfmt
[33m[Release-v2/Lint and Format] [0m  ⚙  ::set-output:: downgrade=
[33m[Release-v2/Lint and Format] [0m⭐ Run Main : set $CARGO_HOME
echo CARGO_HOME=${CARGO_HOME:-"$HOME/.cargo"} >> $GITHUB_ENV
[33m[Release-v2/Lint and Format] [0m  🐳  docker exec cmd=[bash --noprofile --norc -e -o pipefail /var/run/act/workflow/1-composite-2.sh] user= workdir=
[33m[Release-v2/Lint and Format] [0m  ✅  Success - Main : set $CARGO_HOME
echo CARGO_HOME=${CARGO_HOME:-"$HOME/.cargo"} >> $GITHUB_ENV
 [86.892208ms]
[33m[Release-v2/Lint and Format] [0m  ⚙  ::set-env:: CARGO_HOME=/root/.cargo
[33m[Release-v2/Lint and Format] [0m⭐ Run Main : install rustup if needed
if ! command -v rustup &>/dev/null; then
  curl --proto '=https' --tlsv1.2 --retry 10 --retry-connrefused --location --silent --show-error --fail https://sh.rustup.rs | sh -s -- --default-toolchain none -y
  echo "$CARGO_HOME/bin" >> $GITHUB_PATH
fi
[33m[Release-v2/Lint and Format] [0m  🐳  docker exec cmd=[bash --noprofile --norc -e -o pipefail /var/run/act/workflow/1-composite-3.sh] user= workdir=
[33m|[0m info: downloading installer
[33m|[0m info: profile set to 'default'
[33m|[0m info: default host triple is x86_64-unknown-linux-gnu
[33m|[0m info: skipping toolchain installation
[33m|[0m 
[33m|[0m 
[33m|[0m Rust is installed now. Great!
[33m|[0m 
[33m|[0m To get started you may need to restart your current shell.
[33m|[0m This would reload your PATH environment variable to include
[33m|[0m Cargo's bin directory ($HOME/.cargo/bin).
[33m|[0m 
[33m|[0m To configure your current shell, you need to source
[33m|[0m the corresponding env file under $HOME/.cargo.
[33m|[0m 
[33m|[0m This is usually done by running one of the following (note the leading DOT):
[33m|[0m . "$HOME/.cargo/env"            # For sh/bash/zsh/ash/dash/pdksh
[33m|[0m source "$HOME/.cargo/env.fish"  # For fish
[33m|[0m source $"($nu.home-path)/.cargo/env.nu"  # For nushell
[33m[Release-v2/Lint and Format] [0m  ✅  Success - Main : install rustup if needed
if ! command -v rustup &>/dev/null; then
  curl --proto '=https' --tlsv1.2 --retry 10 --retry-connrefused --location --silent --show-error --fail https://sh.rustup.rs | sh -s -- --default-toolchain none -y
  echo "$CARGO_HOME/bin" >> $GITHUB_PATH
fi
 [4.414308333s]
[33m[Release-v2/Lint and Format] [0m  ⚙  ::add-path:: /root/.cargo/bin
[33m[Release-v2/Lint and Format] [0m⭐ Run Main rustup toolchain install stable
[33m[Release-v2/Lint and Format] [0m  🐳  docker exec cmd=[bash --noprofile --norc -e -o pipefail /var/run/act/workflow/1-composite-5.sh] user= workdir=
[33m|[0m info: syncing channel updates for 'stable-x86_64-unknown-linux-gnu'
[33m|[0m info: latest update on 2025-08-07, rust version 1.89.0 (29483883e 2025-08-04)
[33m|[0m info: downloading component 'cargo'
[33m|[0m info: downloading component 'clippy'
[33m|[0m info: downloading component 'rust-std'
[33m|[0m info: downloading component 'rustc'
[33m|[0m info: downloading component 'rustfmt'
[33m|[0m info: installing component 'cargo'
[33m|[0m info: installing component 'clippy'
[33m|[0m info: installing component 'rust-std'
[33m|[0m info: installing component 'rustc'
[33m|[0m info: installing component 'rustfmt'
[33m|[0m 
[33m|[0m   stable-x86_64-unknown-linux-gnu installed - rustc 1.89.0 (29483883e 2025-08-04)
[33m|[0m 
[33m|[0m info: default toolchain set to 'stable-x86_64-unknown-linux-gnu'
[33m[Release-v2/Lint and Format] [0m  ✅  Success - Main rustup toolchain install stable [54.090889375s]
[33m[Release-v2/Lint and Format] [0m⭐ Run Main rustup default stable
[33m[Release-v2/Lint and Format] [0m  🐳  docker exec cmd=[bash --noprofile --norc -e -o pipefail /var/run/act/workflow/1-composite-6.sh] user= workdir=
[33m|[0m info: using existing install for 'stable-x86_64-unknown-linux-gnu'
[33m|[0m info: default toolchain set to 'stable-x86_64-unknown-linux-gnu'
[33m|[0m 
[33m|[0m   stable-x86_64-unknown-linux-gnu unchanged - rustc 1.89.0 (29483883e 2025-08-04)
[33m|[0m 
[33m[Release-v2/Lint and Format] [0m  ✅  Success - Main rustup default stable [284.195292ms]
[33m[Release-v2/Lint and Format] [0m⭐ Run Main : create cachekey
DATE=$(rustc +stable --version --verbose | sed -ne 's/^commit-date: \(20[0-9][0-9]\)-\([01][0-9]\)-\([0-3][0-9]\)$/\1\2\3/p')
HASH=$(rustc +stable --version --verbose | sed -ne 's/^commit-hash: //p')
echo "cachekey=$(echo $DATE$HASH | head -c12)" >> $GITHUB_OUTPUT
[33m[Release-v2/Lint and Format] [0m  🐳  docker exec cmd=[bash --noprofile --norc -e -o pipefail /var/run/act/workflow/1-composite-rustc-version.sh] user= workdir=
[33m[Release-v2/Lint and Format] [0m  ✅  Success - Main : create cachekey
DATE=$(rustc +stable --version --verbose | sed -ne 's/^commit-date: \(20[0-9][0-9]\)-\([01][0-9]\)-\([0-3][0-9]\)$/\1\2\3/p')
HASH=$(rustc +stable --version --verbose | sed -ne 's/^commit-hash: //p')
echo "cachekey=$(echo $DATE$HASH | head -c12)" >> $GITHUB_OUTPUT
 [407.044208ms]
[33m[Release-v2/Lint and Format] [0m  ⚙  ::set-output:: cachekey=202508042948
[33m[Release-v2/Lint and Format] [0m⭐ Run Main : disable incremental compilation
if [ -z "${CARGO_INCREMENTAL+set}" ]; then
  echo CARGO_INCREMENTAL=0 >> $GITHUB_ENV
fi
[33m[Release-v2/Lint and Format] [0m  🐳  docker exec cmd=[bash --noprofile --norc -e -o pipefail /var/run/act/workflow/1-composite-8.sh] user= workdir=
[33m[Release-v2/Lint and Format] [0m  ✅  Success - Main : disable incremental compilation
if [ -z "${CARGO_INCREMENTAL+set}" ]; then
  echo CARGO_INCREMENTAL=0 >> $GITHUB_ENV
fi
 [79.685292ms]
[33m[Release-v2/Lint and Format] [0m  ⚙  ::set-env:: CARGO_INCREMENTAL=0
[33m[Release-v2/Lint and Format] [0m⭐ Run Main : enable colors in Cargo output
if [ -z "${CARGO_TERM_COLOR+set}" ]; then
  echo CARGO_TERM_COLOR=always >> $GITHUB_ENV
fi
[33m[Release-v2/Lint and Format] [0m  🐳  docker exec cmd=[bash --noprofile --norc -e -o pipefail /var/run/act/workflow/1-composite-9.sh] user= workdir=
[33m[Release-v2/Lint and Format] [0m  ✅  Success - Main : enable colors in Cargo output
if [ -z "${CARGO_TERM_COLOR+set}" ]; then
  echo CARGO_TERM_COLOR=always >> $GITHUB_ENV
fi
 [83.462ms]
[33m[Release-v2/Lint and Format] [0m  ⚙  ::set-env:: CARGO_TERM_COLOR=always
[33m[Release-v2/Lint and Format] [0m⭐ Run Main : enable Cargo sparse registry
# implemented in 1.66, stabilized in 1.68, made default in 1.70
if [ -z "${CARGO_REGISTRIES_CRATES_IO_PROTOCOL+set}" -o -f "/tmp"/.implicit_cargo_registries_crates_io_protocol ]; then
  if rustc +stable --version --verbose | grep -q '^release: 1\.6[89]\.'; then
    touch "/tmp"/.implicit_cargo_registries_crates_io_protocol || true
    echo CARGO_REGISTRIES_CRATES_IO_PROTOCOL=sparse >> $GITHUB_ENV
  elif rustc +stable --version --verbose | grep -q '^release: 1\.6[67]\.'; then
    touch "/tmp"/.implicit_cargo_registries_crates_io_protocol || true
    echo CARGO_REGISTRIES_CRATES_IO_PROTOCOL=git >> $GITHUB_ENV
  fi
fi
[33m[Release-v2/Lint and Format] [0m  🐳  docker exec cmd=[bash --noprofile --norc -e -o pipefail /var/run/act/workflow/1-composite-10.sh] user= workdir=
[33m[Release-v2/Lint and Format] [0m  ✅  Success - Main : enable Cargo sparse registry
# implemented in 1.66, stabilized in 1.68, made default in 1.70
if [ -z "${CARGO_REGISTRIES_CRATES_IO_PROTOCOL+set}" -o -f "/tmp"/.implicit_cargo_registries_crates_io_protocol ]; then
  if rustc +stable --version --verbose | grep -q '^release: 1\.6[89]\.'; then
    touch "/tmp"/.implicit_cargo_registries_crates_io_protocol || true
    echo CARGO_REGISTRIES_CRATES_IO_PROTOCOL=sparse >> $GITHUB_ENV
  elif rustc +stable --version --verbose | grep -q '^release: 1\.6[67]\.'; then
    touch "/tmp"/.implicit_cargo_registries_crates_io_protocol || true
    echo CARGO_REGISTRIES_CRATES_IO_PROTOCOL=git >> $GITHUB_ENV
  fi
fi
 [362.225292ms]
[33m[Release-v2/Lint and Format] [0m⭐ Run Main : work around spurious network errors in curl 8.0
# https://rust-lang.zulipchat.com/#narrow/stream/246057-t-cargo/topic/timeout.20investigation
if rustc +stable --version --verbose | grep -q '^release: 1\.7[01]\.'; then
  echo CARGO_HTTP_MULTIPLEXING=false >> $GITHUB_ENV
fi
[33m[Release-v2/Lint and Format] [0m  🐳  docker exec cmd=[bash --noprofile --norc -e -o pipefail /var/run/act/workflow/1-composite-11.sh] user= workdir=
[33m[Release-v2/Lint and Format] [0m  ✅  Success - Main : work around spurious network errors in curl 8.0
# https://rust-lang.zulipchat.com/#narrow/stream/246057-t-cargo/topic/timeout.20investigation
if rustc +stable --version --verbose | grep -q '^release: 1\.7[01]\.'; then
  echo CARGO_HTTP_MULTIPLEXING=false >> $GITHUB_ENV
fi
 [221.618375ms]
[33m[Release-v2/Lint and Format] [0m⭐ Run Main rustc +stable --version --verbose
[33m[Release-v2/Lint and Format] [0m  🐳  docker exec cmd=[bash --noprofile --norc -e -o pipefail /var/run/act/workflow/1-composite-12.sh] user= workdir=
[33m|[0m rustc 1.89.0 (29483883e 2025-08-04)
[33m|[0m binary: rustc
[33m|[0m commit-hash: 29483883eed69d5fb4db01964cdf2af4d86e9cb2
[33m|[0m commit-date: 2025-08-04
[33m|[0m host: x86_64-unknown-linux-gnu
[33m|[0m release: 1.89.0
[33m|[0m LLVM version: 20.1.7
[33m[Release-v2/Lint and Format] [0m  ✅  Success - Main rustc +stable --version --verbose [224.697083ms]
[33m[Release-v2/Lint and Format] [0m  ⚙  ::set-output:: name=stable
[33m[Release-v2/Lint and Format] [0m  ⚙  ::set-output:: cachekey=202508042948
[33m[Release-v2/Lint and Format] [0m  ✅  Success - Main Install Rust [1m0.974376083s]
[33m[Release-v2/Lint and Format] [0m⭐ Run Main Check formatting
[33m[Release-v2/Lint and Format] [0m  🐳  docker exec cmd=[bash -e /var/run/act/workflow/2] user= workdir=
[33m[Release-v2/Lint and Format] [0m  ✅  Success - Main Check formatting [921.175291ms]
[33m[Release-v2/Lint and Format] [0m⭐ Run Main Run clippy
[33m[Release-v2/Lint and Format] [0m  🐳  docker exec cmd=[bash -e /var/run/act/workflow/3] user= workdir=
[33m|[0m [1m[33mwarning[0m[1m:[0m profiles for the non root package will be ignored, specify profiles at the workspace root:
[33m|[0m package:   /Users/davidirvine/Desktop/Devel/projects/saorsa-cli/sb/Cargo.toml
[33m|[0m workspace: /Users/davidirvine/Desktop/Devel/projects/saorsa-cli/Cargo.toml
[33m|[0m [1m[32m    Updating[0m crates.io index
[33m|[0m [1m[32m Downloading[0m crates ...
[33m|[0m [1m[32m  Downloaded[0m anstyle-query v1.1.4
[33m|[0m [1m[32m  Downloaded[0m anstyle-parse v0.2.7
[33m|[0m [1m[32m  Downloaded[0m adler2 v2.0.1
[33m|[0m [1m[32m  Downloaded[0m tempfile v3.20.0
[33m|[0m [1m[32m  Downloaded[0m tracing-serde v0.2.0
[33m|[0m [1m[32m  Downloaded[0m untrusted v0.9.0
[33m|[0m [1m[32m  Downloaded[0m equivalent v1.0.2
[33m|[0m [1m[32m  Downloaded[0m toml_datetime v0.6.11
[33m|[0m [1m[32m  Downloaded[0m serde_spanned v0.6.9
[33m|[0m [1m[32m  Downloaded[0m darling_macro v0.20.11
[33m|[0m [1m[32m  Downloaded[0m cfg_aliases v0.2.1
[33m|[0m [1m[32m  Downloaded[0m bitflags v1.3.2
[33m|[0m [1m[32m  Downloaded[0m anstyle v1.0.11
[33m|[0m [1m[32m  Downloaded[0m futures-sink v0.3.31
[33m|[0m [1m[32m  Downloaded[0m http-body v1.0.1
[33m|[0m [1m[32m  Downloaded[0m atomic-waker v1.1.2
[33m|[0m [1m[32m  Downloaded[0m cassowary v0.3.0
[33m|[0m [1m[32m  Downloaded[0m autocfg v1.5.0
[33m|[0m [1m[32m  Downloaded[0m byteorder v1.5.0
[33m|[0m [1m[32m  Downloaded[0m block-buffer v0.10.4
[33m|[0m [1m[32m  Downloaded[0m bit-vec v0.6.3
[33m|[0m [1m[32m  Downloaded[0m futures-macro v0.3.31
[33m|[0m [1m[32m  Downloaded[0m byteorder-lite v0.1.0
[33m|[0m [1m[32m  Downloaded[0m crc v3.3.0
[33m|[0m [1m[32m  Downloaded[0m cipher v0.4.4
[33m|[0m [1m[32m  Downloaded[0m stable_deref_trait v1.2.0
[33m|[0m [1m[32m  Downloaded[0m fastrand v2.3.0
[33m|[0m [1m[32m  Downloaded[0m crypto-common v0.1.6
[33m|[0m [1m[32m  Downloaded[0m sync_wrapper v1.0.2
[33m|[0m [1m[32m  Downloaded[0m colorchoice v1.0.4
[33m|[0m [1m[32m  Downloaded[0m strum v0.26.3
[33m|[0m [1m[32m  Downloaded[0m cpufeatures v0.2.17
[33m|[0m [1m[32m  Downloaded[0m convert_case v0.7.1
[33m|[0m [1m[32m  Downloaded[0m clap_lex v0.7.5
[33m|[0m [1m[32m  Downloaded[0m form_urlencoded v1.2.1
[33m|[0m [1m[32m  Downloaded[0m futures-task v0.3.31
[33m|[0m [1m[32m  Downloaded[0m crossbeam-deque v0.8.6
[33m|[0m [1m[32m  Downloaded[0m constant_time_eq v0.3.1
[33m|[0m [1m[32m  Downloaded[0m bit-set v0.5.3
[33m|[0m [1m[32m  Downloaded[0m try-lock v0.2.5
[33m|[0m [1m[32m  Downloaded[0m errno v0.3.13
[33m|[0m [1m[32m  Downloaded[0m tower-service v0.3.3
[33m|[0m [1m[32m  Downloaded[0m foldhash v0.1.5
[33m|[0m [1m[32m  Downloaded[0m getopts v0.2.23
[33m|[0m [1m[32m  Downloaded[0m deranged v0.4.0
[33m|[0m [1m[32m  Downloaded[0m heck v0.5.0
[33m|[0m [1m[32m  Downloaded[0m futures-io v0.3.31
[33m|[0m [1m[32m  Downloaded[0m deflate64 v0.1.9
[33m|[0m [1m[32m  Downloaded[0m glob v0.3.3
[33m|[0m [1m[32m  Downloaded[0m futures-channel v0.3.31
[33m|[0m [1m[32m  Downloaded[0m either v1.15.0
[33m|[0m [1m[32m  Downloaded[0m digest v0.10.7
[33m|[0m [1m[32m  Downloaded[0m crc-catalog v2.4.0
[33m|[0m [1m[32m  Downloaded[0m generic-array v0.14.7
[33m|[0m [1m[32m  Downloaded[0m futures-core v0.3.31
[33m|[0m [1m[32m  Downloaded[0m fnv v1.0.7
[33m|[0m [1m[32m  Downloaded[0m tower-layer v0.3.3
[33m|[0m [1m[32m  Downloaded[0m scopeguard v1.2.0
[33m|[0m [1m[32m  Downloaded[0m hex v0.4.3
[33m|[0m [1m[32m  Downloaded[0m dirs v5.0.1
[33m|[0m [1m[32m  Downloaded[0m anstream v0.6.20
[33m|[0m [1m[32m  Downloaded[0m time-core v0.1.4
[33m|[0m [1m[32m  Downloaded[0m ansi-to-tui v7.0.0
[33m|[0m [1m[32m  Downloaded[0m rand_core v0.9.3
[33m|[0m [1m[32m  Downloaded[0m bincode v1.3.3
[33m|[0m [1m[32m  Downloaded[0m tinyvec_macros v0.1.1
[33m|[0m [1m[32m  Downloaded[0m cfg-if v1.0.3
[33m|[0m [1m[32m  Downloaded[0m castaway v0.2.4
[33m|[0m [1m[32m  Downloaded[0m shlex v1.3.0
[33m|[0m [1m[32m  Downloaded[0m sha1 v0.10.6
[33m|[0m [1m[32m  Downloaded[0m rustc-hash v2.1.1
[33m|[0m [1m[32m  Downloaded[0m rustc_version v0.4.1
[33m|[0m [1m[32m  Downloaded[0m same-file v1.0.6
[33m|[0m [1m[32m  Downloaded[0m rustversion v1.0.22
[33m|[0m [1m[32m  Downloaded[0m darling v0.20.11
[33m|[0m [1m[32m  Downloaded[0m subtle v2.6.1
[33m|[0m [1m[32m  Downloaded[0m signal-hook-registry v1.4.6
[33m|[0m [1m[32m  Downloaded[0m signal-hook-mio v0.2.4
[33m|[0m [1m[32m  Downloaded[0m serde_urlencoded v0.7.1
[33m|[0m [1m[32m  Downloaded[0m thiserror-impl v1.0.69
[33m|[0m [1m[32m  Downloaded[0m filetime v0.2.25
[33m|[0m [1m[32m  Downloaded[0m simd-adler32 v0.3.7
[33m|[0m [1m[32m  Downloaded[0m shell-words v1.1.0
[33m|[0m [1m[32m  Downloaded[0m relative-path v1.9.3
[33m|[0m [1m[32m  Downloaded[0m getrandom v0.2.16
[33m|[0m [1m[32m  Downloaded[0m clap_derive v4.5.45
[33m|[0m [1m[32m  Downloaded[0m unicase v2.8.1
[33m|[0m [1m[32m  Downloaded[0m tinystr v0.8.1
[33m|[0m [1m[32m  Downloaded[0m thiserror-impl v2.0.15
[33m|[0m [1m[32m  Downloaded[0m percent-encoding v2.3.1
[33m|[0m [1m[32m  Downloaded[0m tui-markdown v0.3.5
[33m|[0m [1m[32m  Downloaded[0m thread_local v1.1.9
[33m|[0m [1m[32m  Downloaded[0m dialoguer v0.11.0
[33m|[0m [1m[32m  Downloaded[0m pulldown-cmark-escape v0.11.0
[33m|[0m [1m[32m  Downloaded[0m strsim v0.11.1
[33m|[0m [1m[32m  Downloaded[0m static_assertions v1.1.0
[33m|[0m [1m[32m  Downloaded[0m utf8_iter v1.0.4
[33m|[0m [1m[32m  Downloaded[0m tui-tree-widget v0.23.1
[33m|[0m [1m[32m  Downloaded[0m tokio-macros v2.5.0
[33m|[0m [1m[32m  Downloaded[0m futures-timer v3.0.3
[33m|[0m [1m[32m  Downloaded[0m futures-executor v0.3.31
[33m|[0m [1m[32m  Downloaded[0m fdeflate v0.3.7
[33m|[0m [1m[32m  Downloaded[0m displaydoc v0.2.5
[33m|[0m [1m[32m  Downloaded[0m dirs-sys v0.4.1
[33m|[0m [1m[32m  Downloaded[0m console v0.15.11
[33m|[0m [1m[32m  Downloaded[0m toml_write v0.1.2
[33m|[0m [1m[32m  Downloaded[0m thiserror v2.0.15
[33m|[0m [1m[32m  Downloaded[0m synstructure v0.13.2
[33m|[0m [1m[32m  Downloaded[0m semver v1.0.26
[33m|[0m [1m[32m  Downloaded[0m sha2 v0.10.9
[33m|[0m [1m[32m  Downloaded[0m serde v1.0.219
[33m|[0m [1m[32m  Downloaded[0m ppv-lite86 v0.2.21
[33m|[0m [1m[32m  Downloaded[0m powerfmt v0.2.0
[33m|[0m [1m[32m  Downloaded[0m tracing-log v0.2.0
[33m|[0m [1m[32m  Downloaded[0m tracing-attributes v0.1.30
[33m|[0m [1m[32m  Downloaded[0m toml v0.8.23
[33m|[0m [1m[32m  Downloaded[0m thiserror v1.0.69
[33m|[0m [1m[32m  Downloaded[0m strum_macros v0.26.4
[33m|[0m [1m[32m  Downloaded[0m anyhow v1.0.99
[33m|[0m [1m[32m  Downloaded[0m slab v0.4.11
[33m|[0m [1m[32m  Downloaded[0m simdutf8 v0.1.5
[33m|[0m [1m[32m  Downloaded[0m unicode-truncate v1.1.0
[33m|[0m [1m[32m  Downloaded[0m unicode-ident v1.0.18
[33m|[0m [1m[32m  Downloaded[0m bytemuck v1.23.2
[33m|[0m [1m[32m  Downloaded[0m tokio-rustls v0.26.2
[33m|[0m [1m[32m  Downloaded[0m time-macros v0.2.22
[33m|[0m [1m[32m  Downloaded[0m smallvec v1.15.1
[33m|[0m [1m[32m  Downloaded[0m ryu v1.0.20
[33m|[0m [1m[32m  Downloaded[0m num-conv v0.1.0
[33m|[0m [1m[32m  Downloaded[0m is_terminal_polyfill v1.70.1
[33m|[0m [1m[32m  Downloaded[0m crossbeam-epoch v0.9.18
[33m|[0m [1m[32m  Downloaded[0m allocator-api2 v0.2.21
[33m|[0m [1m[32m  Downloaded[0m zerofrom-derive v0.1.6
[33m|[0m [1m[32m  Downloaded[0m rand_core v0.6.4
[33m|[0m [1m[32m  Downloaded[0m clap v4.5.45
[33m|[0m [1m[32m  Downloaded[0m rand_chacha v0.9.0
[33m|[0m [1m[32m  Downloaded[0m parking_lot_core v0.9.11
[33m|[0m [1m[32m  Downloaded[0m hmac v0.12.1
[33m|[0m [1m[32m  Downloaded[0m getrandom v0.3.3
[33m|[0m [1m[32m  Downloaded[0m futures v0.3.31
[33m|[0m [1m[32m  Downloaded[0m crc32fast v1.5.0
[33m|[0m [1m[32m  Downloaded[0m compact_str v0.8.1
[33m|[0m [1m[32m  Downloaded[0m bzip2 v0.5.2
[33m|[0m [1m[32m  Downloaded[0m document-features v0.2.11
[33m|[0m [1m[32m  Downloaded[0m crossbeam-utils v0.8.21
[33m|[0m [1m[32m  Downloaded[0m darling_core v0.20.11
[33m|[0m [1m[32m  Downloaded[0m tinyvec v1.10.0
[33m|[0m [1m[32m  Downloaded[0m similar v2.7.0
[33m|[0m [1m[32m  Downloaded[0m ident_case v1.0.1
[33m|[0m [1m[32m  Downloaded[0m zerofrom v0.1.6
[33m|[0m [1m[32m  Downloaded[0m pathdiff v0.2.3
[33m|[0m [1m[32m  Downloaded[0m signal-hook v0.3.18
[33m|[0m [1m[32m  Downloaded[0m sharded-slab v0.1.7
[33m|[0m [1m[32m  Downloaded[0m serde_derive v1.0.219
[33m|[0m [1m[32m  Downloaded[0m utf8parse v0.2.2
[33m|[0m [1m[32m  Downloaded[0m rand_chacha v0.3.1
[33m|[0m [1m[32m  Downloaded[0m option-ext v0.2.0
[33m|[0m [1m[32m  Downloaded[0m rstest v0.25.0
[33m|[0m [1m[32m  Downloaded[0m http-body-util v0.1.3
[33m|[0m [1m[32m  Downloaded[0m tar v0.4.44
[33m|[0m [1m[32m  Downloaded[0m tracing-core v0.1.34
[33m|[0m [1m[32m  Downloaded[0m socket2 v0.5.10
[33m|[0m [1m[32m  Downloaded[0m tui-textarea v0.7.0
[33m|[0m [1m[32m  Downloaded[0m rustls-pki-types v1.12.0
[33m|[0m [1m[32m  Downloaded[0m bitflags v2.9.2
[33m|[0m [1m[32m  Downloaded[0m rstest_macros v0.25.0
[33m|[0m [1m[32m  Downloaded[0m bytes v1.10.1
[33m|[0m [1m[32m  Downloaded[0m base64 v0.21.7
[33m|[0m [1m[32m  Downloaded[0m rayon-core v1.13.0
[33m|[0m [1m[32m  Downloaded[0m inotify-sys v0.1.5
[33m|[0m [1m[32m  Downloaded[0m socket2 v0.6.0
[33m|[0m [1m[32m  Downloaded[0m base64 v0.22.1
[33m|[0m [1m[32m  Downloaded[0m notify v8.2.0
[33m|[0m [1m[32m  Downloaded[0m idna_adapter v1.2.1
[33m|[0m [1m[32m  Downloaded[0m number_prefix v0.4.0
[33m|[0m [1m[32m  Downloaded[0m flate2 v1.1.2
[33m|[0m [1m[32m  Downloaded[0m lru v0.12.5
[33m|[0m [1m[32m  Downloaded[0m derive_more-impl v2.0.1
[33m|[0m [1m[32m  Downloaded[0m paste v1.0.15
[33m|[0m [1m[32m  Downloaded[0m libloading v0.8.8
[33m|[0m [1m[32m  Downloaded[0m httpdate v1.0.3
[33m|[0m [1m[32m  Downloaded[0m writeable v0.6.1
[33m|[0m [1m[32m  Downloaded[0m typenum v1.18.0
[33m|[0m [1m[32m  Downloaded[0m instability v0.3.9
[33m|[0m [1m[32m  Downloaded[0m url v2.5.4
[33m|[0m [1m[32m  Downloaded[0m linked-hash-map v0.5.6
[33m|[0m [1m[32m  Downloaded[0m zeroize v1.8.1
[33m|[0m [1m[32m  Downloaded[0m zune-core v0.4.12
[33m|[0m [1m[32m  Downloaded[0m tracing v0.1.41
[33m|[0m [1m[32m  Downloaded[0m toml_edit v0.22.27
[33m|[0m [1m[32m  Downloaded[0m want v0.3.1
[33m|[0m [1m[32m  Downloaded[0m pin-utils v0.1.0
[33m|[0m [1m[32m  Downloaded[0m diff v0.1.13
[33m|[0m [1m[32m  Downloaded[0m xz2 v0.1.7
[33m|[0m [1m[32m  Downloaded[0m zstd v0.13.3
[33m|[0m [1m[32m  Downloaded[0m derive_more v2.0.1
[33m|[0m [1m[32m  Downloaded[0m pkg-config v0.3.32
[33m|[0m [1m[32m  Downloaded[0m notify-types v2.0.0
[33m|[0m [1m[32m  Downloaded[0m rustls-webpki v0.103.4
[33m|[0m [1m[32m  Downloaded[0m zerovec-derive v0.11.1
[33m|[0m [1m[32m  Downloaded[0m bumpalo v3.19.0
[33m|[0m [1m[32m  Downloaded[0m indoc v2.0.6
[33m|[0m [1m[32m  Downloaded[0m xattr v1.5.1
[33m|[0m [1m[32m  Downloaded[0m proc-macro-crate v3.3.0
[33m|[0m [1m[32m  Downloaded[0m litemap v0.8.0
[33m|[0m [1m[32m  Downloaded[0m jobserver v0.1.33
[33m|[0m [1m[32m  Downloaded[0m yoke v0.8.0
[33m|[0m [1m[32m  Downloaded[0m itoa v1.0.15
[33m|[0m [1m[32m  Downloaded[0m nu-ansi-term v0.46.0
[33m|[0m [1m[32m  Downloaded[0m ipnet v2.11.0
[33m|[0m [1m[32m  Downloaded[0m parking_lot v0.12.4
[33m|[0m [1m[32m  Downloaded[0m overload v0.1.1
[33m|[0m [1m[32m  Downloaded[0m yoke-derive v0.8.0
[33m|[0m [1m[32m  Downloaded[0m inout v0.1.4
[33m|[0m [1m[32m  Downloaded[0m lru-slab v0.1.2
[33m|[0m [1m[32m  Downloaded[0m proc-macro2 v1.0.101
[33m|[0m [1m[32m  Downloaded[0m opener v0.8.2
[33m|[0m [1m[32m  Downloaded[0m quinn-udp v0.5.13
[33m|[0m [1m[32m  Downloaded[0m lazy_static v1.5.0
[33m|[0m [1m[32m  Downloaded[0m tower v0.5.2
[33m|[0m [1m[32m  Downloaded[0m fancy-regex v0.11.0
[33m|[0m [1m[32m  Downloaded[0m pin-project-lite v0.2.16
[33m|[0m [1m[32m  Downloaded[0m inotify v0.11.0
[33m|[0m [1m[32m  Downloaded[0m num-traits v0.2.19
[33m|[0m [1m[32m  Downloaded[0m httparse v1.10.1
[33m|[0m [1m[32m  Downloaded[0m unicode-segmentation v1.12.0
[33m|[0m [1m[32m  Downloaded[0m regex-automata v0.1.10
[33m|[0m [1m[32m  Downloaded[0m matchers v0.1.0
[33m|[0m [1m[32m  Downloaded[0m yaml-rust v0.4.5
[33m|[0m [1m[32m  Downloaded[0m litrs v0.4.2
[33m|[0m [1m[32m  Downloaded[0m icu_properties v2.0.1
[33m|[0m [1m[32m  Downloaded[0m potential_utf v0.1.2
[33m|[0m [1m[32m  Downloaded[0m plist v1.7.4
[33m|[0m [1m[32m  Downloaded[0m onig v6.5.1
[33m|[0m [1m[32m  Downloaded[0m once_cell v1.21.3
[33m|[0m [1m[32m  Downloaded[0m icu_normalizer_data v2.0.0
[33m|[0m [1m[32m  Downloaded[0m zune-jpeg v0.4.20
[33m|[0m [1m[32m  Downloaded[0m http v1.3.1
[33m|[0m [1m[32m  Downloaded[0m aes v0.8.4
[33m|[0m [1m[32m  Downloaded[0m memchr v2.7.5
[33m|[0m [1m[32m  Downloaded[0m zeroize_derive v1.4.2
[33m|[0m [1m[32m  Downloaded[0m version_check v0.9.5
[33m|[0m [1m[32m  Downloaded[0m pbkdf2 v0.12.2
[33m|[0m [1m[32m  Downloaded[0m zstd-safe v7.2.4
[33m|[0m [1m[32m  Downloaded[0m openssl-probe v0.1.6
[33m|[0m [1m[32m  Downloaded[0m icu_provider v2.0.0
[33m|[0m [1m[32m  Downloaded[0m quote v1.0.40
[33m|[0m [1m[32m  Downloaded[0m indicatif v0.17.11
[33m|[0m [1m[32m  Downloaded[0m humansize v2.1.3
[33m|[0m [1m[32m  Downloaded[0m zopfli v0.8.2
[33m|[0m [1m[32m  Downloaded[0m zerovec v0.11.4
[33m|[0m [1m[32m  Downloaded[0m tower-http v0.6.6
[33m|[0m [1m[32m  Downloaded[0m crossterm v0.29.0
[33m|[0m [1m[32m  Downloaded[0m cc v1.2.33
[33m|[0m [1m[32m  Downloaded[0m crossterm v0.28.1
[33m|[0m [1m[32m  Downloaded[0m icu_normalizer v2.0.0
[33m|[0m [1m[32m  Downloaded[0m lzma-rs v0.3.0
[33m|[0m [1m[32m  Downloaded[0m lock_api v0.4.13
[33m|[0m [1m[32m  Downloaded[0m time v0.3.41
[33m|[0m [1m[32m  Downloaded[0m hyper-rustls v0.27.7
[33m|[0m [1m[32m  Downloaded[0m quinn v0.11.8
[33m|[0m [1m[32m  Downloaded[0m icu_locale_core v2.0.0
[33m|[0m [1m[32m  Downloaded[0m pretty_assertions v1.4.1
[33m|[0m [1m[32m  Downloaded[0m serde_json v1.0.143
[33m|[0m [1m[32m  Downloaded[0m tokio-util v0.7.16
[33m|[0m [1m[32m  Downloaded[0m hashbrown v0.15.5
[33m|[0m [1m[32m  Downloaded[0m indexmap v2.10.0
[33m|[0m [1m[32m  Downloaded[0m hyper-util v0.1.16
[33m|[0m [1m[32m  Downloaded[0m rand v0.9.2
[33m|[0m [1m[32m  Downloaded[0m miniz_oxide v0.8.9
[33m|[0m [1m[32m  Downloaded[0m reqwest v0.12.23
[33m|[0m [1m[32m  Downloaded[0m yansi v1.0.1
[33m|[0m [1m[32m  Downloaded[0m log v0.4.27
[33m|[0m [1m[32m  Downloaded[0m walkdir v2.5.0
[33m|[0m [1m[32m  Downloaded[0m mio v1.0.4
[33m|[0m [1m[32m  Downloaded[0m icu_collections v2.0.0
[33m|[0m [1m[32m  Downloaded[0m openssl-sys v0.9.109
[33m|[0m [1m[32m  Downloaded[0m clap_builder v4.5.44
[33m|[0m [1m[32m  Downloaded[0m rand v0.8.5
[33m|[0m [1m[32m  Downloaded[0m zerotrie v0.2.2
[33m|[0m [1m[32m  Downloaded[0m sysinfo v0.30.13
[33m|[0m [1m[32m  Downloaded[0m futures-util v0.3.31
[33m|[0m [1m[32m  Downloaded[0m aho-corasick v1.1.3
[33m|[0m [1m[32m  Downloaded[0m h2 v0.4.12
[33m|[0m [1m[32m  Downloaded[0m png v0.17.16
[33m|[0m [1m[32m  Downloaded[0m nom v7.1.3
[33m|[0m [1m[32m  Downloaded[0m minimal-lexical v0.2.1
[33m|[0m [1m[32m  Downloaded[0m rayon v1.11.0
[33m|[0m [1m[32m  Downloaded[0m zip v2.4.2
[33m|[0m [1m[32m  Downloaded[0m iri-string v0.7.8
[33m|[0m [1m[32m  Downloaded[0m quick-xml v0.38.2
[33m|[0m [1m[32m  Downloaded[0m tracing-subscriber v0.3.19
[33m|[0m [1m[32m  Downloaded[0m git2 v0.20.2
[33m|[0m [1m[32m  Downloaded[0m idna v1.0.3
[33m|[0m [1m[32m  Downloaded[0m itertools v0.14.0
[33m|[0m [1m[32m  Downloaded[0m pulldown-cmark v0.13.0
[33m|[0m [1m[32m  Downloaded[0m itertools v0.13.0
[33m|[0m [1m[32m  Downloaded[0m hyper v1.7.0
[33m|[0m [1m[32m  Downloaded[0m winnow v0.7.12
[33m|[0m [1m[32m  Downloaded[0m libm v0.2.15
[33m|[0m [1m[32m  Downloaded[0m portable-atomic v1.11.1
[33m|[0m [1m[32m  Downloaded[0m image v0.25.6
[33m|[0m [1m[32m  Downloaded[0m icu_properties_data v2.0.1
[33m|[0m [1m[32m  Downloaded[0m vcpkg v0.2.15
[33m|[0m [1m[32m  Downloaded[0m webpki-roots v1.0.2
[33m|[0m [1m[32m  Downloaded[0m zerocopy v0.8.26
[33m|[0m [1m[32m  Downloaded[0m unicode-width v0.1.14
[33m|[0m [1m[32m  Downloaded[0m regex-syntax v0.6.29
[33m|[0m [1m[32m  Downloaded[0m bstr v1.12.0
[33m|[0m [1m[32m  Downloaded[0m regex v1.11.1
[33m|[0m [1m[32m  Downloaded[0m unicode-width v0.2.0
[33m|[0m [1m[32m  Downloaded[0m quinn-proto v0.11.12
[33m|[0m [1m[32m  Downloaded[0m syn v2.0.106
[33m|[0m [1m[32m  Downloaded[0m regex-syntax v0.8.5
[33m|[0m [1m[32m  Downloaded[0m rustls v0.23.31
[33m|[0m [1m[32m  Downloaded[0m rustix v0.38.44
[33m|[0m [1m[32m  Downloaded[0m ratatui v0.29.0
[33m|[0m [1m[32m  Downloaded[0m rustix v1.0.8
[33m|[0m [1m[32m  Downloaded[0m bzip2-sys v0.1.13+1.0.8
[33m|[0m [1m[32m  Downloaded[0m onig_sys v69.9.1
[33m|[0m [1m[32m  Downloaded[0m icy_sixel v0.1.3
[33m|[0m [1m[32m  Downloaded[0m regex-automata v0.4.9
[33m|[0m [1m[32m  Downloaded[0m libssh2-sys v0.3.1
[33m|[0m [1m[32m  Downloaded[0m tokio v1.47.1
[33m|[0m [1m[32m  Downloaded[0m zstd-sys v2.0.15+zstd.1.5.7
[33m|[0m [1m[32m  Downloaded[0m libc v0.2.175
[33m|[0m [1m[32m  Downloaded[0m syntect v5.2.0
[33m|[0m [1m[32m  Downloaded[0m lzma-sys v0.1.20
[33m|[0m [1m[32m  Downloaded[0m libz-sys v1.1.22
[33m|[0m [1m[32m  Downloaded[0m ring v0.17.14
[33m|[0m [1m[32m  Downloaded[0m libgit2-sys v0.18.2+1.9.1
[33m|[0m [1m[32m  Downloaded[0m linux-raw-sys v0.4.15
[33m|[0m [1m[32m  Downloaded[0m linux-raw-sys v0.9.4
[33m|[0m [1m[32m  Downloaded[0m ratatui-image v8.0.1
[33m|[0m [1m[32m  Downloaded[0m openssl-src v300.5.2+3.5.2
[33m|[0m [1m[32m   Compiling[0m libc v0.2.175
[33m|[0m [1m[32m   Compiling[0m proc-macro2 v1.0.101
[33m|[0m [1m[32m   Compiling[0m unicode-ident v1.0.18
[33m|[0m [1m[32m    Checking[0m cfg-if v1.0.3
[33m|[0m [1m[32m   Compiling[0m shlex v1.3.0
[33m|[0m [1m[32m   Compiling[0m pkg-config v0.3.32
[33m|[0m [1m[32m    Checking[0m smallvec v1.15.1
[33m|[0m [1m[32m   Compiling[0m autocfg v1.5.0
[33m|[0m [1m[32m    Checking[0m memchr v2.7.5
[33m|[0m [1m[32m    Checking[0m log v0.4.27
[33m|[0m [1m[32m    Checking[0m bitflags v2.9.2
[33m|[0m [1m[32m    Checking[0m itoa v1.0.15
[33m|[0m [1m[32m   Compiling[0m parking_lot_core v0.9.11
[33m|[0m [1m[32m    Checking[0m scopeguard v1.2.0
[33m|[0m [1m[32m    Checking[0m once_cell v1.21.3
[33m|[0m [1m[32m    Checking[0m pin-project-lite v0.2.16
[33m|[0m [1m[32m    Checking[0m stable_deref_trait v1.2.0
[33m|[0m [1m[32m   Compiling[0m serde v1.0.219
[33m|[0m [1m[32m    Checking[0m futures-core v0.3.31
[33m|[0m [1m[32m    Checking[0m allocator-api2 v0.2.21
[33m|[0m [1m[32m    Checking[0m equivalent v1.0.2
[33m|[0m [1m[32m    Checking[0m foldhash v0.1.5
[33m|[0m [1m[32m   Compiling[0m lock_api v0.4.13
[33m|[0m [1m[32m    Checking[0m futures-sink v0.3.31
[33m|[0m [1m[32m   Compiling[0m version_check v0.9.5
[33m|[0m [1m[32m   Compiling[0m typenum v1.18.0
[33m|[0m [1m[32m    Checking[0m unicode-width v0.2.0
[33m|[0m [1m[32m   Compiling[0m rustversion v1.0.22
[33m|[0m [1m[32m    Checking[0m bytes v1.10.1
[33m|[0m [1m[32m    Checking[0m either v1.15.0
[33m|[0m [1m[32m    Checking[0m hashbrown v0.15.5
[33m|[0m [1m[32m    Checking[0m ryu v1.0.20
[33m|[0m [1m[32m    Checking[0m futures-channel v0.3.31
[33m|[0m [1m[32m    Checking[0m mio v1.0.4
[33m|[0m [1m[32m    Checking[0m signal-hook-registry v1.4.6
[33m|[0m [1m[32m   Compiling[0m jobserver v0.1.33
[33m|[0m [1m[32m   Compiling[0m generic-array v0.14.7
[33m|[0m [1m[32m   Compiling[0m heck v0.5.0
[33m|[0m [1m[32m    Checking[0m pin-utils v0.1.0
[33m|[0m [1m[32m   Compiling[0m signal-hook v0.3.18
[33m|[0m [1m[32m    Checking[0m getrandom v0.2.16
[33m|[0m [1m[32m    Checking[0m futures-io v0.3.31
[33m|[0m [1m[32m   Compiling[0m vcpkg v0.2.15
[33m|[0m [1m[32m   Compiling[0m crc32fast v1.5.0
[33m|[0m [1m[32m   Compiling[0m quote v1.0.40
[33m|[0m [1m[32m   Compiling[0m cc v1.2.33
[33m|[0m [1m[32m    Checking[0m parking_lot v0.12.4
[33m|[0m [1m[32m   Compiling[0m strsim v0.11.1
[33m|[0m [1m[32m   Compiling[0m ident_case v1.0.1
[33m|[0m [1m[32m    Checking[0m fnv v1.0.7
[33m|[0m [1m[32m    Checking[0m slab v0.4.11
[33m|[0m [1m[32m    Checking[0m simd-adler32 v0.3.7
[33m|[0m [1m[32m    Checking[0m futures-task v0.3.31
[33m|[0m [1m[32m   Compiling[0m syn v2.0.106
[33m|[0m [1m[32m    Checking[0m socket2 v0.6.0
[33m|[0m [1m[32m    Checking[0m litemap v0.8.0
[33m|[0m [1m[32m   Compiling[0m rustix v0.38.44
[33m|[0m [1m[32m    Checking[0m writeable v0.6.1
[33m|[0m [1m[32m    Checking[0m tracing-core v0.1.34
[33m|[0m [1m[32m    Checking[0m aho-corasick v1.1.3
[33m|[0m [1m[32m   Compiling[0m instability v0.3.9
[33m|[0m [1m[32m    Checking[0m signal-hook-mio v0.2.4
[33m|[0m [1m[32m   Compiling[0m icu_properties_data v2.0.1
[33m|[0m [1m[32m    Checking[0m linux-raw-sys v0.4.15
[33m|[0m [1m[32m   Compiling[0m icu_normalizer_data v2.0.0
[33m|[0m [1m[32m    Checking[0m subtle v2.6.1
[33m|[0m [1m[32m   Compiling[0m rustix v1.0.8
[33m|[0m [1m[32m    Checking[0m regex-syntax v0.8.5
[33m|[0m [1m[32m   Compiling[0m thiserror v1.0.69
[33m|[0m [1m[32m    Checking[0m adler2 v2.0.1
[33m|[0m [1m[32m   Compiling[0m paste v1.0.15
[33m|[0m [1m[32m   Compiling[0m openssl-src v300.5.2+3.5.2
[33m|[0m [1m[32m    Checking[0m castaway v0.2.4
[33m|[0m [1m[32m    Checking[0m itertools v0.13.0
[33m|[0m [1m[32m    Checking[0m unicode-segmentation v1.12.0
[33m|[0m [1m[32m    Checking[0m miniz_oxide v0.8.9
[33m|[0m [1m[32m    Checking[0m unicode-width v0.1.14
[33m|[0m [1m[32m    Checking[0m static_assertions v1.1.0
[33m|[0m [1m[32m    Checking[0m linux-raw-sys v0.9.4
[33m|[0m [1m[32m   Compiling[0m indoc v2.0.6
[33m|[0m [1m[32m   Compiling[0m semver v1.0.26
[33m|[0m [1m[32m    Checking[0m percent-encoding v2.3.1
[33m|[0m [1m[32m   Compiling[0m openssl-sys v0.9.109
[33m|[0m [1m[32m    Checking[0m compact_str v0.8.1
[33m|[0m [1m[32m    Checking[0m flate2 v1.1.2
[33m|[0m [1m[32m    Checking[0m regex-automata v0.4.9
[33m|[0m [1m[32m   Compiling[0m synstructure v0.13.2
[33m|[0m [1m[32m   Compiling[0m darling_core v0.20.11
[33m|[0m [1m[32m    Checking[0m unicode-truncate v1.1.0
[33m|[0m [1m[32m    Checking[0m crossterm v0.28.1
[33m|[0m [1m[32m   Compiling[0m libz-sys v1.1.22
[33m|[0m [1m[32m   Compiling[0m ring v0.17.14
[33m|[0m [1m[32m    Checking[0m crypto-common v0.1.6
[33m|[0m [1m[32m    Checking[0m lru v0.12.5
[33m|[0m [1m[32m    Checking[0m indexmap v2.10.0
[33m|[0m [1m[32m   Compiling[0m serde_derive v1.0.219
[33m|[0m [1m[32m   Compiling[0m displaydoc v0.2.5
[33m|[0m [1m[32m   Compiling[0m zerovec-derive v0.11.1
[33m|[0m [1m[32m   Compiling[0m zerofrom-derive v0.1.6
[33m|[0m [1m[32m   Compiling[0m yoke-derive v0.8.0
[33m|[0m [1m[32m   Compiling[0m futures-macro v0.3.31
[33m|[0m [1m[32m   Compiling[0m tokio-macros v2.5.0
[33m|[0m [1m[32m   Compiling[0m zeroize_derive v1.4.2
[33m|[0m [1m[32m   Compiling[0m strum_macros v0.26.4
[33m|[0m [1m[32m   Compiling[0m thiserror-impl v1.0.69
[33m|[0m [1m[32m   Compiling[0m tracing-attributes v0.1.30
[33m|[0m [1m[32m   Compiling[0m darling_macro v0.20.11
[33m|[0m [1m[32m    Checking[0m base64 v0.22.1
[33m|[0m [1m[32m    Checking[0m futures-util v0.3.31
[33m|[0m [1m[32m    Checking[0m powerfmt v0.2.0
[33m|[0m [1m[32m   Compiling[0m serde_json v1.0.143
[33m|[0m [1m[32m    Checking[0m zerofrom v0.1.6
[33m|[0m [1m[32m    Checking[0m cassowary v0.3.0
[33m|[0m [1m[32m    Checking[0m tokio v1.47.1
[33m|[0m [1m[32m    Checking[0m zeroize v1.8.1
[33m|[0m [1m[32m    Checking[0m deranged v0.4.0
[33m|[0m [1m[32m    Checking[0m yoke v0.8.0
[33m|[0m [1m[32m   Compiling[0m darling v0.20.11
[33m|[0m [1m[32m    Checking[0m tracing v0.1.41
[33m|[0m [1m[32m    Checking[0m strum v0.26.3
[33m|[0m [1m[32m    Checking[0m zerovec v0.11.4
[33m|[0m [1m[32m    Checking[0m zerotrie v0.2.2
[33m|[0m [1m[32m    Checking[0m http v1.3.1
[33m|[0m [1m[32m   Compiling[0m crossbeam-utils v0.8.21
[33m|[0m [1m[32m   Compiling[0m zerocopy v0.8.26
[33m|[0m [1m[32m    Checking[0m num-conv v0.1.0
[33m|[0m [1m[32m    Checking[0m time-core v0.1.4
[33m|[0m [1m[32m    Checking[0m http-body v1.0.1
[33m|[0m [1m[32m   Compiling[0m rustc_version v0.4.1
[33m|[0m [1m[32m    Checking[0m tinystr v0.8.1
[33m|[0m [1m[32m    Checking[0m potential_utf v0.1.2
[33m|[0m [1m[32m    Checking[0m ratatui v0.29.0
[33m|[0m [1m[32m    Checking[0m time v0.3.41
[33m|[0m [1m[32m    Checking[0m rustls-pki-types v1.12.0
[33m|[0m [1m[32m    Checking[0m icu_locale_core v2.0.0
[33m|[0m [1m[32m    Checking[0m icu_collections v2.0.0
[33m|[0m [1m[32m    Checking[0m regex v1.11.1
[33m|[0m [1m[32m    Checking[0m form_urlencoded v1.2.1
[33m|[0m [1m[32m   Compiling[0m zstd-sys v2.0.15+zstd.1.5.7
[33m|[0m [1m[32m    Checking[0m icu_provider v2.0.0
[33m|[0m [1m[32m   Compiling[0m onig_sys v69.9.1
[33m|[0m [1m[32m   Compiling[0m libssh2-sys v0.3.1
[33m|[0m [1m[32m    Checking[0m block-buffer v0.10.4
[33m|[0m [1m[32m    Checking[0m untrusted v0.9.0
[33m|[0m [1m[32m    Checking[0m utf8_iter v1.0.4
[33m|[0m [1m[32m    Checking[0m same-file v1.0.6
[33m|[0m [1m[32m   Compiling[0m winnow v0.7.12
[33m|[0m [1m[32m    Checking[0m bitflags v1.3.2
[33m|[0m [1m[32m   Compiling[0m httparse v1.10.1
[33m|[0m [1m[32m   Compiling[0m toml_datetime v0.6.11
[33m|[0m [1m[32m    Checking[0m icu_properties v2.0.1
[33m|[0m [1m[32m    Checking[0m icu_normalizer v2.0.0
[33m|[0m [1m[32m   Compiling[0m getrandom v0.3.3
[33m|[0m [1m[32m   Compiling[0m convert_case v0.7.1
[33m|[0m [1m[32m    Checking[0m walkdir v2.5.0
[33m|[0m [1m[32m    Checking[0m digest v0.10.7
[33m|[0m [1m[32m   Compiling[0m rstest_macros v0.25.0
[33m|[0m [1m[32m    Checking[0m idna_adapter v1.2.1
[33m|[0m [1m[32m   Compiling[0m toml_edit v0.22.27
[33m|[0m [1m[32m   Compiling[0m num-traits v0.2.19
[33m|[0m [1m[32m    Checking[0m idna v1.0.3
[33m|[0m [1m[32m   Compiling[0m thiserror v2.0.15
[33m|[0m [1m[32m    Checking[0m try-lock v0.2.5
[33m|[0m [1m[32m   Compiling[0m rustls v0.23.31
[33m|[0m [1m[32m    Checking[0m utf8parse v0.2.2
[33m|[0m [1m[32m    Checking[0m regex-syntax v0.6.29
[33m|[0m [1m[32m    Checking[0m bit-vec v0.6.3
[33m|[0m [1m[32m    Checking[0m tower-service v0.3.3
[33m|[0m [1m[32m   Compiling[0m anyhow v1.0.99
[33m|[0m [1m[32m    Checking[0m ppv-lite86 v0.2.21
[33m|[0m [1m[32m    Checking[0m anstyle-parse v0.2.7
[33m|[0m [1m[32m   Compiling[0m proc-macro-crate v3.3.0
[33m|[0m [1m[32m    Checking[0m bit-set v0.5.3
[33m|[0m [1m[32m    Checking[0m want v0.3.1
[33m|[0m [1m[32m    Checking[0m url v2.5.4
[33m|[0m [1m[32m    Checking[0m regex-automata v0.1.10
[33m|[0m [1m[32m    Checking[0m crossbeam-epoch v0.9.18
[33m|[0m [1m[32m   Compiling[0m derive_more-impl v2.0.1
[33m|[0m [1m[32m   Compiling[0m thiserror-impl v2.0.15
[33m|[0m [1m[32m   Compiling[0m lzma-sys v0.1.20
[33m|[0m [1m[32m   Compiling[0m libgit2-sys v0.18.2+1.9.1
[33m|[0m [1m[32m   Compiling[0m bzip2-sys v0.1.13+1.0.8
[33m|[0m [1m[32m    Checking[0m fdeflate v0.3.7
[33m|[0m [1m[32m    Checking[0m rand_core v0.6.4
[33m|[0m [1m[32m    Checking[0m quick-xml v0.38.2
[33m|[0m [1m[32m    Checking[0m colorchoice v1.0.4
[33m|[0m [1m[32m    Checking[0m rustls-webpki v0.103.4
[33m|[0m [1m[32m   Compiling[0m glob v0.3.3
[33m|[0m [1m[32m   Compiling[0m zstd-safe v7.2.4
[33m|[0m [1m[32m    Checking[0m anstyle-query v1.1.4
[33m|[0m [1m[32m   Compiling[0m portable-atomic v1.11.1
[33m|[0m [1m[32m    Checking[0m zune-core v0.4.12
[33m|[0m [1m[32m    Checking[0m overload v0.1.1
[33m|[0m [1m[32m   Compiling[0m litrs v0.4.2
[33m|[0m [1m[32m    Checking[0m is_terminal_polyfill v1.70.1
[33m|[0m [1m[32m    Checking[0m atomic-waker v1.1.2
[33m|[0m [1m[32m   Compiling[0m pulldown-cmark v0.13.0
[33m|[0m [1m[32m    Checking[0m linked-hash-map v0.5.6
[33m|[0m [1m[32m   Compiling[0m relative-path v1.9.3
[33m|[0m [1m[32m    Checking[0m lazy_static v1.5.0
[33m|[0m [1m[32m    Checking[0m cpufeatures v0.2.17
[33m|[0m [1m[32m    Checking[0m minimal-lexical v0.2.1
[33m|[0m [1m[32m    Checking[0m anstyle v1.0.11
[33m|[0m [1m[32m   Compiling[0m rayon-core v1.13.0
[33m|[0m [1m[32m    Checking[0m sharded-slab v0.1.7
[33m|[0m [1m[32m    Checking[0m yaml-rust v0.4.5
[33m|[0m [1m[32m    Checking[0m hyper v1.7.0
[33m|[0m [1m[32m   Compiling[0m document-features v0.2.11
[33m|[0m [1m[32m    Checking[0m nom v7.1.3
[33m|[0m [1m[32m    Checking[0m anstream v0.6.20
[33m|[0m [1m[32m    Checking[0m zune-jpeg v0.4.20
[33m|[0m [1m[32m    Checking[0m nu-ansi-term v0.46.0
[33m|[0m [1m[32m    Checking[0m plist v1.7.4
[33m|[0m [1m[32m    Checking[0m derive_more v2.0.1
[33m|[0m [1m[32m    Checking[0m rand_chacha v0.3.1
[33m|[0m [1m[32m    Checking[0m png v0.17.16
[33m|[0m [1m[32m    Checking[0m matchers v0.1.0
[33m|[0m [1m[32m    Checking[0m crossbeam-deque v0.8.6
[33m|[0m [1m[32m    Checking[0m fancy-regex v0.11.0
[33m|[0m [1m[32m    Checking[0m bincode v1.3.3
[33m|[0m [1m[32m    Checking[0m tracing-serde v0.2.0
[33m|[0m [1m[32m    Checking[0m tracing-log v0.2.0
[33m|[0m [1m[32m    Checking[0m inout v0.1.4
[33m|[0m [1m[32m    Checking[0m inotify-sys v0.1.5
[33m|[0m [1m[32m    Checking[0m console v0.15.11
[33m|[0m [1m[32m    Checking[0m getopts v0.2.23
[33m|[0m [1m[32m    Checking[0m sync_wrapper v1.0.2
[33m|[0m [1m[32m    Checking[0m thread_local v1.1.9
[33m|[0m [1m[32m    Checking[0m crc-catalog v2.4.0
[33m|[0m [1m[32m    Checking[0m tower-layer v0.3.3
[33m|[0m [1m[32m    Checking[0m pulldown-cmark-escape v0.11.0
[33m|[0m [1m[32m    Checking[0m yansi v1.0.1
[33m|[0m [1m[32m    Checking[0m unicase v2.8.1
[33m|[0m [1m[32m    Checking[0m fastrand v2.3.0
[33m|[0m [1m[32m    Checking[0m bytemuck v1.23.2
[33m|[0m [1m[32m   Compiling[0m libm v0.2.15
[33m|[0m [1m[32m    Checking[0m clap_lex v0.7.5
[33m|[0m [1m[32m    Checking[0m byteorder-lite v0.1.0
[33m|[0m [1m[32m    Checking[0m futures-timer v3.0.3
[33m|[0m [1m[32m    Checking[0m simdutf8 v0.1.5
[33m|[0m [1m[32m    Checking[0m diff v0.1.13
[33m|[0m [1m[32m    Checking[0m ipnet v2.11.0
[33m|[0m [1m[32m    Checking[0m image v0.25.6
[33m|[0m [1m[32m    Checking[0m tempfile v3.20.0
[33m|[0m [1m[32m    Checking[0m ansi-to-tui v7.0.0
[33m|[0m [1m[32m    Checking[0m pretty_assertions v1.4.1
[33m|[0m [1m[32m    Checking[0m clap_builder v4.5.44
[33m|[0m [1m[32m    Checking[0m hyper-util v0.1.16
[33m|[0m [1m[32m    Checking[0m tower v0.5.2
[33m|[0m [1m[32m    Checking[0m tracing-subscriber v0.3.19
[33m|[0m [1m[32m    Checking[0m rstest v0.25.0
[33m|[0m [1m[32m    Checking[0m crc v3.3.0
[33m|[0m [1m[32m    Checking[0m cipher v0.4.4
[33m|[0m [1m[32m    Checking[0m inotify v0.11.0
[33m|[0m [1m[32m    Checking[0m tokio-rustls v0.26.2
[33m|[0m [1m[32m    Checking[0m rand v0.8.5
[33m|[0m [1m[32m    Checking[0m crossterm v0.29.0
[33m|[0m [1m[32m    Checking[0m hmac v0.12.1
[33m|[0m [1m[32m    Checking[0m webpki-roots v1.0.2
[33m|[0m [1m[32m    Checking[0m serde_spanned v0.6.9
[33m|[0m [1m[32m    Checking[0m bstr v1.12.0
[33m|[0m [1m[32m   Compiling[0m clap_derive v4.5.45
[33m|[0m [1m[32m    Checking[0m itertools v0.14.0
[33m|[0m [1m[32m    Checking[0m filetime v0.2.25
[33m|[0m [1m[32m    Checking[0m base64 v0.21.7
[33m|[0m [1m[32m   Compiling[0m zip v2.4.2
[33m|[0m [1m[32m    Checking[0m option-ext v0.2.0
[33m|[0m [1m[32m    Checking[0m icy_sixel v0.1.3
[33m|[0m [1m[32m    Checking[0m shell-words v1.1.0
[33m|[0m [1m[32m    Checking[0m byteorder v1.5.0
[33m|[0m [1m[32m    Checking[0m openssl-probe v0.1.6
[33m|[0m [1m[32m    Checking[0m iri-string v0.7.8
[33m|[0m [1m[32m    Checking[0m number_prefix v0.4.0
[33m|[0m [1m[32m    Checking[0m notify-types v2.0.0
[33m|[0m [1m[32m    Checking[0m toml_write v0.1.2
[33m|[0m [1m[32m    Checking[0m bumpalo v3.19.0
[33m|[0m [1m[32m    Checking[0m ratatui-image v8.0.1
[33m|[0m [1m[32m    Checking[0m lzma-rs v0.3.0
[33m|[0m [1m[32m    Checking[0m indicatif v0.17.11
[33m|[0m [1m[32m    Checking[0m notify v8.2.0
[33m|[0m [1m[32m    Checking[0m zstd v0.13.3
[33m|[0m [1m[32m    Checking[0m dialoguer v0.11.0
[33m|[0m [1m[32m    Checking[0m zopfli v0.8.2
[33m|[0m [1m[32m    Checking[0m opener v0.8.2
[33m|[0m [1m[32m    Checking[0m dirs-sys v0.4.1
[33m|[0m [1m[32m    Checking[0m tower-http v0.6.6
[33m|[0m [1m[32m    Checking[0m pbkdf2 v0.12.2
[33m|[0m [1m[32m    Checking[0m hyper-rustls v0.27.7
[33m|[0m [1m[32m    Checking[0m rayon v1.11.0
[33m|[0m [1m[32m    Checking[0m xz2 v0.1.7
[33m|[0m [1m[32m    Checking[0m clap v4.5.45
[33m|[0m [1m[32m    Checking[0m aes v0.8.4
[33m|[0m [1m[32m    Checking[0m bzip2 v0.5.2
[33m|[0m [1m[32m    Checking[0m sha1 v0.10.6
[33m|[0m [1m[32m    Checking[0m tui-tree-widget v0.23.1
[33m|[0m [1m[32m    Checking[0m tui-textarea v0.7.0
[33m|[0m [1m[32m    Checking[0m serde_urlencoded v0.7.1
[33m|[0m [1m[32m    Checking[0m tokio-util v0.7.16
[33m|[0m [1m[32m    Checking[0m http-body-util v0.1.3
[33m|[0m [1m[32m    Checking[0m futures-executor v0.3.31
[33m|[0m [1m[32m    Checking[0m xattr v1.5.1
[33m|[0m [1m[32m    Checking[0m similar v2.7.0
[33m|[0m [1m[32m    Checking[0m onig v6.5.1
[33m|[0m [1m[32m    Checking[0m pathdiff v0.2.3
[33m|[0m [1m[32m    Checking[0m constant_time_eq v0.3.1
[33m|[0m [1m[32m    Checking[0m deflate64 v0.1.9
[33m|[0m [1m[32m    Checking[0m humansize v2.1.3
[33m|[0m [1m[32m    Checking[0m futures v0.3.31
[33m|[0m [1m[32m    Checking[0m tar v0.4.44
[33m|[0m [1m[32m    Checking[0m reqwest v0.12.23
[33m|[0m [1m[32m    Checking[0m toml v0.8.23
[33m|[0m [1m[32m    Checking[0m dirs v5.0.1
[33m|[0m [1m[32m    Checking[0m sha2 v0.10.9
[33m|[0m [1m[32m    Checking[0m libloading v0.8.8
[33m|[0m [1m[32m    Checking[0m sysinfo v0.30.13
[33m|[0m [1m[32m    Checking[0m hex v0.4.3
[33m|[0m [1m[32m    Checking[0m syntect v5.2.0
[33m|[0m [1m[32m    Checking[0m sdisk v0.1.0 (/Users/davidirvine/Desktop/Devel/projects/saorsa-cli/sdisk)
[33m|[0m [1m[32m    Checking[0m cli v0.1.0 (/Users/davidirvine/Desktop/Devel/projects/saorsa-cli/cli)
[33m|[0m [1m[32m    Checking[0m tui-markdown v0.3.5
[33m|[0m [1m[32m    Checking[0m git2 v0.20.2
[33m|[0m [1m[32m    Checking[0m sb v0.3.12 (/Users/davidirvine/Desktop/Devel/projects/saorsa-cli/sb)
[33m|[0m [1m[32m    Finished[0m `dev` profile [unoptimized + debuginfo] target(s) in 3m 01s
[33m[Release-v2/Lint and Format] [0m  ✅  Success - Main Run clippy [3m2.196268708s]
[33m[Release-v2/Lint and Format] [0m⭐ Run Post Install Rust
[33m[Release-v2/Lint and Format] [0m  🐳  docker cp src=/Users/davidirvine/.cache/act/dtolnay-rust-toolchain@5d458579430fc14a04a08a1e7d3694f545e91ce6/ dst=/var/run/act/actions/dtolnay-rust-toolchain@5d458579430fc14a04a08a1e7d3694f545e91ce6/
[33m[Release-v2/Lint and Format] [0m  ✅  Success - Post Install Rust [64.232292ms]
[33m[Release-v2/Lint and Format] [0m⭐ Run Complete job
[33m[Release-v2/Lint and Format] [0mCleaning up container for job Lint and Format
[33m[Release-v2/Lint and Format] [0m  ✅  Success - Complete job
[33m[Release-v2/Lint and Format] [0m🏁  Job succeeded
